<?xml version="1.0" encoding="UTF-8"?><testsuite errors="0" failures="1" name="A description" skipped="0" tests="1" time="1.14" timestamp="2021-09-18 03:04:29"><testcase name="Looking up the definition of 'apple'"><failure message="The page object class org.example.app.pages.WikipediaPage could not be instantiated:&#10;Failed to instantiate page (java.lang.RuntimeException: Could not instantiate the custom webdriver provider of type org.example.app.driver.CustomDriver)" type="net.thucydides.core.pages.WrongPageError">The page object class org.example.app.pages.WikipediaPage could not be instantiated:
Failed to instantiate page (java.lang.RuntimeException: Could not instantiate the custom webdriver provider of type org.example.app.driver.CustomDriver)</failure><system-err>The page object class org.example.app.pages.WikipediaPage could not be instantiated:
Failed to instantiate page (java.lang.RuntimeException: Could not instantiate the custom webdriver provider of type org.example.app.driver.CustomDriver)&#13;
io.cucumber.java.AbstractGlueDefinition.invokeMethod(AbstractGlueDefinition.java:47)&#13;
io.cucumber.java.JavaStepDefinition.execute(JavaStepDefinition.java:29)&#13;
io.cucumber.core.runner.CoreStepDefinition.execute(CoreStepDefinition.java:66)&#13;
io.cucumber.core.runner.PickleStepDefinitionMatch.runStep(PickleStepDefinitionMatch.java:63)&#13;
io.cucumber.core.runner.TestStep.executeStep(TestStep.java:92)&#13;
io.cucumber.core.runner.TestStep.run(TestStep.java:64)&#13;
io.cucumber.core.runner.PickleStepTestStep.run(PickleStepTestStep.java:51)&#13;
io.cucumber.core.runner.TestCase.run(TestCase.java:104)&#13;
io.cucumber.core.runner.Runner.runPickle(Runner.java:73)&#13;
io.cucumber.junit.FeatureRunner.runChild(FeatureRunner.java:135)&#13;
io.cucumber.junit.FeatureRunner.runChild(FeatureRunner.java:27)&#13;
io.cucumber.junit.CucumberSerenityRunner.runChild(CucumberSerenityRunner.java:234)&#13;
io.cucumber.junit.CucumberSerenityRunner.runChild(CucumberSerenityRunner.java:57)&#13;
</system-err></testcase></testsuite>